2025-03-01 18:50:28,837 - Data_Download - INFO - Successfully downloaded raw/item_metadata.json to /opt/airflow/data/raw/item_metadata.json
2025-03-01 18:51:06,614 - Data_Download - INFO - Successfully downloaded raw/reviews.json to /opt/airflow/data/raw/reviews.json
2025-03-01 18:51:07,335 - Data_Download - INFO - Successfully downloaded raw/bundle_data.json to /opt/airflow/data/raw/bundle_data.json
2025-03-01 18:51:12,129 - Data_Download - INFO - Successfully read and stored as parquet file /opt/airflow/data/processed/raw_item_metadata.parquet
2025-03-01 18:52:02,051 - Data_Download - INFO - Successfully read and stored as parquet file /opt/airflow/data/processed/raw_reviews.parquet
2025-03-01 18:52:02,441 - Data_Download - INFO - Successfully read and stored as parquet file /opt/airflow/data/processed/raw_bundle_data.parquet
2025-03-01 20:18:41,352 - Data_Download - INFO - Successfully downloaded raw/item_metadata.json to /opt/airflow/data/raw/item_metadata.json
2025-03-01 20:18:41,801 - Data_Download - INFO - Successfully downloaded raw/bundle_data.json to /opt/airflow/data/raw/bundle_data.json
2025-03-01 20:18:46,415 - Data_Download - INFO - Successfully read and stored as parquet file /opt/airflow/data/processed/raw_item_metadata.parquet
2025-03-01 20:18:46,602 - Data_Download - INFO - Successfully read and stored as parquet file /opt/airflow/data/processed/raw_bundle_data.parquet
2025-03-01 20:25:42,438 - Data_Download - INFO - Successfully downloaded raw/item_metadata.json to /opt/airflow/data/raw/item_metadata.json
2025-03-01 20:25:42,815 - Data_Download - INFO - Successfully downloaded raw/bundle_data.json to /opt/airflow/data/raw/bundle_data.json
2025-03-01 20:25:48,737 - Data_Download - INFO - Successfully read and stored as parquet file /opt/airflow/data/processed/raw_item_metadata.parquet
2025-03-01 20:25:48,795 - Data_Download - INFO - Successfully read and stored as parquet file /opt/airflow/data/processed/raw_bundle_data.parquet
2025-03-01 20:26:21,506 - Data_Download - INFO - Successfully downloaded raw/item_metadata.json to /opt/airflow/data/raw/item_metadata.json
2025-03-01 20:26:21,874 - Data_Download - INFO - Successfully downloaded raw/bundle_data.json to /opt/airflow/data/raw/bundle_data.json
2025-03-01 20:26:27,933 - Data_Download - INFO - Successfully read and stored as parquet file /opt/airflow/data/processed/raw_item_metadata.parquet
2025-03-01 20:26:28,037 - Data_Download - INFO - Successfully read and stored as parquet file /opt/airflow/data/processed/raw_bundle_data.parquet
2025-03-02 01:49:01,784 - Data_Download - ERROR - Blob staging/item_metadata.paraquet does not exist.
NoneType: None
2025-03-02 01:49:01,881 - Data_Download - ERROR - Blob staging/bundle_data.paraquet does not exist.
NoneType: None
2025-03-02 01:54:18,018 - Data_Download - INFO - Successfully downloaded staging/item_metadata.parquet to /opt/airflow/data/processed/item_metadata.parquet
2025-03-02 01:54:18,316 - Data_Download - INFO - Successfully downloaded staging/bundle_data.parquet to /opt/airflow/data/processed/bundle_data.parquet
2025-03-02 03:53:20,542 - Data_Download - INFO - Successfully downloaded staging/item_metadata.parquet to /opt/airflow/data/processed/item_metadata.parquet
2025-03-02 03:53:20,896 - Data_Download - INFO - Successfully downloaded staging/bundle_data.parquet to /opt/airflow/data/processed/bundle_data.parquet
2025-03-02 03:55:33,325 - Data_Download - INFO - Successfully downloaded staging/item_metadata.parquet to /opt/airflow/data/processed/item_metadata.parquet
2025-03-02 03:55:33,633 - Data_Download - INFO - Successfully downloaded staging/bundle_data.parquet to /opt/airflow/data/processed/bundle_data.parquet
2025-03-02 03:55:55,362 - Data_Download - INFO - Successfully downloaded staging/reviews.parquet to /opt/airflow/data/processed/reviews.parquet
